2265
1815
2223
2122
2269
2141
2228
2138
1839
1796
1832
1778
1873
1829
616
2379
2189
1843
2529
2035
1958
2135
2535
1837
1864
1804
2401
1871
1600
1188
659
601
840
469
588
613
1149
1855
1454
1827
1908
2274
608
1428
1957
2534
1596
1834
1818
1778
1698
1728
1894
1833
1604
1890
1601
1753
1581
1552
1594
1597
1573
2182
1502
1398
1628
1466
1554
1499
1639
1579
1504
1531
1417
1517
1384
1442
1654
1529
1431
1435
1417
1509
1463
1610
1547
1631
1430
1395
1540
1455
1513
1889
1394
1565
1426
1455
1439
1705
1431
1386
1427
1380
1449
1616
1418
1444
1429
1502
1445
1394
1416
1442
613
1063
596
1140
821
570
868
816
792
1412
1545
1755
1413
1512
1792
1584
1377
1684
1704
1627
1795
1593
1579
1735
1886
1187
1832
2421
1867
2359
1925
893
1822
1844
2388
2079
2129
1139
2201
1889
2334
2203
2285
2266
1690
2248
2255
2225
2220
2519
2402
2256
2230
2228
2595
2618
2298
2200
2173
2156
1893
2048
1034
1845
2333
1651
863
1968
1883
2083
2312
2439
2132
2575
1902
1924
2081
1838
2132
2686
3118
1291
1889
2129
2054
1834
1852
2402
1829
2241
2199
2101
1946
1888
1808
1826
1801
1830
2067
1987
1880
1851
1793
1916
1670
1773
1870
1785
1613
2295
1868
2320
1790
1836
2045
1806
1817
1813
2016
1760
2023
1803
1663
1678
1930
1591
1653
1887
1788
1670
1850
1112
1820
1898
1869
1797
1848
2123
1877
1806
1780
1813
1884
1954
1830
1828
1614
1747
1757
1634
1864
1871
1825
1866
1533
1842
1883
1887
1876
1858
1589
1588
1819
1866
1851
1558
1536
1536
1531
1542
1569
1607
1479
1638
1450
1763
2126
1578
1579
1590
1832
1991
1855
1929
1828
1533
1615
1612
1582
1580
1585
1657
1547
1584
1549
1439
1586
1587
1549
1630
1591
1538
1674
1403
1354
1456
1373
1402
1396
1415
1610
1587
1627
1582
2112
1643
1428
1395
1577
1546
1595
1623
1605
1580
1578
1645
1596
1640
1260
1574
1623
1599
1538
1587
1711
1619
1719
1592
1573
1680
1714
1993
1526
1785
1710
1610
1606
1581
1543
1587
1464
1570
1819
1506
1559
1387
1501
1512
1437
1503
1478
1550
1630
1550
1435
1393
1411
1395
1477
1392
1395
1497
1433
1366
1345
1462
1411
1384
1351
1413
1398
1436
1384
1422
1352
1425
1402
1348
1355
1350
1385
1388
1354
1480
1454
1356
1472
1439
1353
1350
1356
1348
1379
1222
1351
1349
1350
1349
1353
1379
1377
1358
1644
1338
1379
1384
1380
1359
1387
1388
1285
1402
1383
1330
1331
1385
1392
1479
1468
1429
1367
1216
1245
1396
1357
1352
1298
1252
1305
1405
1377
1425
1456
1866
1434
1428
1386
1303
1371
1522
1369
1375
1350
1363
1386
1388
1371
1355
1391
1493
1401
1380
1725
1306
1306
1512
1317
1375
1394
1308
1369
1342
1376
1508
1365
1520
1568
1442
1645
1568
1870
1715
1740
1807
1543
1993
2032
1741
1919
1999
2032
2160
1828
2156
2046
2163
1835
2198
2186
2131
2017
1974
2143
2111
2002
1898
1841
1849
1873
2037
1919
1882
1879
2139
2130
2143
2106
2195
2144
1555
1871
1886
1883
2029
1872
1657
1706
1657
1799
1844
1849
1886
1767
1904
1927
1796
1688
1758
1800
1803
1870
1935
1868
2362
1857
1548
1721
1582
1682
1657
1776
1831
1857
1950
1780
1527
1655
1802
1596
1546
1768
1581
2403
1876
1815
1761
1774
1941
1773
1733
1857
1825
1825
1929
1618
1952
1873
1839
1858
1867
1921
1830
1953
2037
1897
2279
1843
2059
2318
1954
1807
2155
1914
2103
939
1566
1589
1584
1561
1596
1763
1943
1639
1615
1687
1421
1627
1628
1615
1686
1554
1590
1607
1733
1451
1662
1672
1688
1583
1635
1628
1399
1598
1637
1654
1701
1698
1950
1872
1763
1402
1399
1408
1671
1676
1656
1564
1655
1807
1726
1439
1680
1448
1706
1742
1878
1911
1686
1682
1710
1643
1392
1426
1413
1793
1830
1810
1687
2114
1634
1725
1659
1669
1598
816
466
1112
2465
578
2429
505
1823
1863
1098
2479
560
2005
2093
1619
1060
1676
1830
963
580
743
543
579
784
543
1386
1988
578
1779
1590
1983
1668
2030
1162
1702
1837
1817
1621
1587
1646
1900
1639
1692
1412
1671
1628
1594
1257
1597
1554
1558
1750
1738
1703
1593
1569
686
878
1773
1897
1855
1810
2020
1902
1929
2102
1790
1990
1948
2034
2113
2158
1930
2115
2099
2093
2096
2288
2109
2264
2358
2166
2221
2119
2102
2163
527
738
2086
2131
2087
2118
2236
2105
2236
2344
2305
2300
1126
2367
2196
2168
2285
2375
2190
2203
1751
1795
1745
1842
1998
2141
2354
1994
2222
1891
1782
1628
1772
1790
1781
1737
1891
1859
1990
1818
1945
2247
2014
1918
2389
2175
2359
2038
1854
2136
1478
503
2146
2585
1731
1959
1835
1957
1980
2017
2034
2074
1857
1799
2061
509
1763
2124
2126
1192
584
497
655
538
2248
2196
2668
2163
2261
2231
2024
2076
1461
1961
1477
2223
1765
1991
1915
1836
2124
2513
2222
2232
1873
1923
1977
1961
1745
1844
1868
1816
1907
1940
1883
2077
1795
1882
1958
1955
1882
1885
1898
1981
1789
1817
1577
1582
1739
1694
1819
1821
1806
1832
1794
2009
1683
1770
1737
1699
1603
1837
2559
1854
1806
1827
1824
1809
1819
1899
1771
1864
1752
1787
1696
1868
1880
2018
1782
1809
1581
1568
1604
1632
1563
1815
1819
1801
1850
1812
1612
1607
2300
1616
1610
1868
1872
1628
1858
1848
1576
1731
1642
1757
1596
1873
1838
1875
942
1949
1876
1829
2169
1821
1812
1751
1674
1810
1731
1657
1721
1775
1530
1545
1575
1529
1652
1763
1626
1598
1631
1572
1622
1573
1566
1441
1424
1363
1548
1535
1580
1625
1644
1570
1817
1786
2002
1824
1818
1803
1635
1588
1562
1827
1571
1575
1571
1698
1585
1639
1506
1634
1365
1395
1426
1412
1387
1410
1368
1431
1406
1624
1694
1553
1616
1566
1538
1475
1467
1685
1341
1398
1440
1397
1402
1371
1349
1666
1643
1626
1845
1579
1594
1805
1594
1568
1520
1730
1518
1528
1558
1534
670
1460
1530
1675
555
1598
480
660
2300
1362
1431
511
1356
1379
1340
1354
1380
1401
1632
1427
1397
1362
1392
1392
1386
1377
1387
1354
1402
1400
1383
1393
1383
1348
1386
1421
1353
1566
1638
1418
731
779
1378
1401
1382
1922
1378
1349
1443
1338
1719
850
1761
1387
1548
1578
1569
1534
2058
744
571
534
566
1244
1594
1566
1596
1547
1580
1355
1555
1551
1513
1516
1767
1628
1694
1533
1845
1758
1744
1800
1771
1788
497
1776
1802
1788
2331
1991
2337
2056
1809
1775
2331
2614
2376
2385
2425
1831
1816
1836
1790
1834
877
2071
2323
1969
2066
2251
2530
2167
2122
1998
1592
1588
1762
1671
1961
1877
1821
1979
1989
1983
1999
2033
2045
1978
1832
2120
2188
1814
2183
1817
1978
1838
1995
2205
2014
1869
1276
2088
1861
1986
1741
1764
1873
2023
2034
1962
2033
1843
1878
1879
1827
2097
1823
1786
1794
1811
1813
2276
2112
1814
2197
2120
2172
2156
2202
2741
2147
2140
2164
2169
1854
1697
742
1938
1885
1818
2169
1804
2033
1820
1934
1933
1882
1865
1970
1869
1974
1843
1871
1804
1779
2114
2020
1736
1775
2014
2036
2152
1886
2016
1643
1643
1702
1576
1628
1953
1854
1842
1898
1848
1608
1602
1641
1659
1655
2003
1855
1878
1886
1842
1588
1581
1788
1537
1570
1774
1619
1887
1967
1724
1576
1531
1581
1585
1585
1906
1884
1873
1966
1518
1565
1768
1528
1535
1532
1535
1533
1633
1548
1577
1587
1698
1784
1584
1571
1589
1540
1588
1573
1532
1477
1421
1530
1384
1541
1636
1572
1591
1564
1575
1408
1769
1576
1403
1554
1616
1569
1542
1579
1552
1374
1371
1427
1605
1433
1700
1579
1572
1576
1562
1984
2018
1925
1985
1844
1838
1847
2075
1859
1780
1743
1535
1527
1844
1530
1563
1539
1529
1541
1581
1451
1544
1436
1417
1406
1668
1427
1427
1370
1574
1425
1421
1420
1446
1435
1418
1389
1399
1368
1364
1578
1396
1431
1368
1393
1417
1246
1383
1409
1395
1392
1480
1429
1392
1407
1394
1349
1393
1438
1372
1348
1363
1343
1410
1346
1353
1375
1354
1373
1352
1349
1535
1384
1383
1412
1380
1347
1415
1347
1348
1307
1379
1388
1382
1279
1477
1325
1383
1526
1356
1381
1354
1351
1397
1343
1488
1411
1393
1372
1354
1376
1700
1300
1353
1467
1394
1342
1462
1347
1344
1377
1431
1378
1419
1232
656
629
638
728
1375
1384
1745
1589
1370
1389
1519
2046
1648
1371
1423
1668
1577
1556
1564
588
540
1651
1854
1691
1664
1809
1802
1817
1868
1809
2025
2046
2112
2074
1871
1966
2264
1996
2250
1966
2365
2226
2228
2166
2132
1984
1665
1849
1993
1873
1904
1984
2318
1993
2117
2032
1841
2031
2118
1972
2142
2125
2136
2385
2122
2134
2132
2165
2261
2172
2210
2118
2549
574
2134
2428
2147
1276
2327
2306
1871
1864
1839
1784
1830
1721
2026
1776
1791
1597
2030
1863
1893
1850
1871
1995
2070
923
2038
1882
1827
2034
1855
1862
1921
1760
2021
1702
1676
1746
1875
1873
1822
1810
1896
2309
1785
1580
1597
1579
1926
1782
1843
1896
1862
1572
1710
1612
1749
1655
1565
1821
1825
1828
1811
1577
1561
1531
1573
1581
1839
1788
1526
1689
1807
1530
1610
1581
1565
1618
1561
1433
1605
1585
1589
1602
1609
1529
1572
1572
1725
1538
1633
1604
1559
1575
1576
1581
1779
1608
1619
1602
1623
1572
1589
1389
1352
1530
1651
1452
1405
1547
1574
1536
1566
1604
1624
1578
1580
1621
1433
1374
1458
1351
1556
1613
1788
787
697
1032
1587
1681
1622
1823
1777
1741
1565
1624
1579
1557
1825
1514
1347
1673
1405
1540
1602
1647
1582
1568
1571
1413
1347
1714
1640
1589
1535
1538
1584
1858
1531
1926
1828
1748
1538
1838
1852
1842
1857
1774
1871
1834
1826
1841
1923
2117
2082
2092
2150
2170
2082
2069
2073
2099
2102
2150
2171
2162
2130
2154
2219
2072
2112
2084
2128
2219
2175
2065
2120
2385
2127
2075
2137
2099
2076
2083
2075
2108
2102
2471
2117
2110
2081
2126
2076
2081
2083
2110
2118
2162
2168
2167
2084
2134
2154
2136
2499
2090
2118
2090
2194
581
2388
2110
2109
2367
2222
2115
1997
2102
2357
2096
2128
2428
2529
2377
2464
2537
2369
2372
2259
1974
2047
2013
2062
2009
2052
2186
2206
1845
2494
2529
2365
2328
2275
2234
2229
2364
2322
2286
2362
1776
1759
1744
1679
1813
1788
1840
1812
2334
1948
1807
1991
2435
2126
2310
2233
2382
2226
2339
2508
1744
1980
2000
2094
2029
1954
1983
1967
2040
2082
2288
2310
1914
2226
1911
2172
2386
2140
2120
2145
1798
1880
1935
2020
1978
1942
1888
851
721
845
1853
2167
2079
2159
2172
2190
2187
2249
2133
2133
1960
2008
2049
1694
1875
1642
1574
2024
1685
1788
1737
1809
1867
1771
1846
1846
1873
1918
1774
1936
1669
1763
1765
1883
1735
1820
1808
1950
1815
1902
1778
1987
1886
1970
1771
1696
1764
1833
1573
1874
1865
1840
1804
1847
1794
1832
1632
1558
1830
1817
1898
1914
1878
1998
1796
1571
1692
1550
1724
1779
1749
1943
1894
1806
1819
1843
828
1811
1937
2032
1560
1541
1560
1746
1602
1633
1556
1628
1574
1585
1597
1637
1633
1813
1860
1780
1807
1805
1777
1887
1552
1544
1585
1546
1622
1798
1819
1778
1931
1978
1589
1643
1569
1606
1599
1454
1552
1543
1352
1343
1597
1603
1628
1613
2012
1432
1490
1433
1481
1509
1344
1493
1600
1397
1351
1610
1603
1546
1760
1542
1365
1599
1531
1399
1427
1404
1366
1394
1400
1425
1597
1594
1596
1586
1585
1646
1404
1477
1607
1450
1674
1397
1408
1414
1378
1585
1609
1552
1660
1608
1517
1544
1458
1397
1576
1400
1420
1487
1417
1405
1517
1428
1716
1397
1446
1621
1714
1791
1497
1518
1350
1381
1396
1425
1381
1392
1385
1379
1378
854
724
1566
480
1649
1386
1402
1356
1613
1495
1377
1350
1384
1567
1371
1442
1639
1372
1416
1348
1384
1408
1396
1401
1432
1423
1425
1366
1448
1394
1406
1411
1422
1406
1389
1417
1914
1433
1429
1383
1403
1404
1422
1389
1430
1377
1436
1402
1432
1367
1295
917
1382
1388
1386
1206
1417
1318
1382
1336
1354
1413
1417
1422
1460
1560
1738
1386
1430
1273
1366
1451
1386
1360
1396
1389
1436
1270
1366
1391
1380
1403
1231
1373
1403
1505
1399
1396
1423
1402
1399
1481
1361
1399
1414
1411
1429
1362
1402
1368
1249
1504
1361
1229
1483
1234
1549
1396
1460
1361
1373
1426
1230
1366
1602
1357
1301
1398
1452
1444
1377
1430
1390
1820
1419
1378
1439
1544
1568
1605
1514
1550
1577
1846
1724
1545
2231
949
1822
1822
1937
2072
1580
1538
1983
1712
1841
1796
1795
1914
1829
1610
1699
1422
1771
1781
1919
1826
1831
1839
1830
1793
1831
1860
1821
1903
2036
1664
1824
1528
1600
1839
1795
1780
1818
1839
1657
1602
1751
1685
1707
1853
1737
1790
1820
1849
2125
1809
1919
1830
1765
1616
1747
1832
1881
1635
1960
1859
1936
1788
1853
1563
1606
1586
1577
1538
2030
1739
1867
1808
1837
1627
1529
1591
1822
1581
1498
1482
2186
1507
1590
1618
1535
1544
1549
1549
1641
1789
1912
1867
1904
1631
1536
1629
1825
1538
1613
1579
1573
1537
1505
1357
1360
1631
1600
1415
1606
1589
1621
1584
1626
1557
1937
1771
1713
1617
1525
1737
1541
1644
1592
1570
1617
1645
1714
1521
1473
1463
1395
1536
1649
1404
1580
1600
1577
1570
1577
1355
1393
1631
1397
1414
1603
1751
1619
1540
1562
1570
1468
1577
1372
1564
1455
1719
1453
1422
1513
1593
1624
1544
1575
1555
1401
1761
1539
1376
1585
1382
1409
1873
1421
1533
1363
1413
1494
1420
1449
1440
1422
1443
1391
1449
1409
1395
1464
1280
1422
1468
1407
1426
1275
1711
1455
1407
1618
1428
1410
1465
1433
1392
1384
1472
1336
1407
1425
1376
1392
1374
1471
1410
1384
1341
1381
1407
1379
1393
1483
1226
1438
1514
1558
1742
1347
1388
1371
1434
1389
1416
1381
1427
1384
1403
1393
1433
1336
1391
1374
1406
1377
1448
1479
1417
1434
1416
1404
1422
1401
1429
1410
1437
1406
1331
1391
1403
1395
1411
1571
1322
1269
1426
1380
1370
1377
1354
1313
1356
1378
1317
1248
1378
1293
1352
1305
1339
1418
1335
1388
1426
1218
1240
1263
1496
1418
1409
1418
1401
1379
1415
1398
1435
1398
1413
1776
1402
1363
1383
1447
1607
1396
1585
1569
1458
1435
1597
1549
1673
1540
1907
1711
1691
1656
1869
1809
1833
2027
1854
1976
2174
2127
2829
2122
2175
2129
2126
2142
2143
2121
2134
2117
2165
2138
2209
2059
1841
1877
2162
1866
1860
1817
1909
1992
1949
2026
1884
2069
1656
1787
1890
1847
1916
1786
1876
1603
1577
1728
1688
1674
1764
1850
1878
1615
1830
1821
1819
1941
1866
1852
1649
1902
1612
1662
1805
1739
1835
1967
1820
1814
1783
1580
1596
1618
1596
1592
1900
1632
1819
1805
1896
1818
1867
1807
1850
1563
1616
1587
1627
1651
1853
1863
2098
1888
1114
1672
1608
1640
1670
1891
1842
1833
1767
1817
1903
1897
1956
1982
2004
2169
1657
1534
1873
1559
1637
1828
1846
1863
1808
1720
1536
1717
1545
1527
1675
1551
1552
1401
1500
1525
1487
1584
1447
1493
1406
1579
1824
1565
604
481
1402
1363
1473
1588
1439
1579
1603
1544
1600
2071
1639
1569
1709
1543
1431
1663
2561
1575
1554
1763
1615
1551
1603
1542
1621
1444
1438
1646
1413
1557
1649
1548
1612
1583
1592
1601
1653
1487
1429
1601
1405
1491
1409
1392
1428
1579
1582
1566
1664
1558
1670
1554
1536
1383
1814
1432
1550
1747
1448
1407
1415
1416
1365
1395
1410
1385
1429
1402
1627
1436
1347
1387
1347
1358
1362
1356
1348
1384
1382
1396
1303
1427
1357
1436
1378
1382
1391
1390
1384
1541
1336
1350
1215
1459
1401
1382
1353
1375
1336
1403
1348
1376
1387
1355
1677
1384
1380
1356
1375
1418
1381
1350
1358
1371
1413
1364
1348
1339
1383
1441
1397
1351
1372
1345
1417
1250
1336
1332
1322
1531
1386
1362
1386
1291
1375
1307
1350
1564
1372
1316
1343
1372
1356
1364
1530
1416
1353
1361
1298
1407
1383
1373
1392
1419
1600
1357
1379
1294
1240
1218
1206
1332
1307
1349
1810
1398
1211
1502
1369
1786
1374
1380
1369
1368
1416
1379
1386
1395
1363
1354
1511
1601
1568
1374
1666
1600
1569
2103
1526
1598
1964
1915
1968
2048
2201
2227
2038
2132
1965
1932
1942
1557
1801
1682
1609
2056
2129
2264
1994
2111
1922
1887
2090
2127
2110
1963
1531
1982
1858
2269
1947
1926
1894
1950
1918
1899
1849
2989
1820
2066
1827
1982
1866
1816
1850
1812
1870
1816
1830
1866
1711
1726
1709
1721
1839
2089
1845
1814
1813
1818
1612
1585
1608
1649
1695
1595
1533
1600
1601
1531
1856
1876
1803
1844
2099
1784
1793
1856
1127
2256
1818
1772
1857
1869
1734
1549
1618
1562
1603
1581
1822
1911
1843
1615
1574
1852
1789
1844
1856
1826
1592
1574
1559
1750
1548
1553
1375
1524
1622
1468
1640
1612
1584
1585
1614
1587
1553
1367
1587
1649
1590
1741
1530
1572
1540
1650
1577
1533
1665
1588
1409
1464
1423
1358
1364
1596
1624
1566
1632
1533
1444
1394
1690
1564
1476
1642
1670
1640
1609
1579
512
588
1599
1612
1347
2163
1801
1598
1536
1577
1508
1613
1605
1638
1531
1447
1365
1455
1397
1383
1387
1404
1406
1401
1397
1434
1527
1612
1560
1406
1501
1398
1374
1368
1393
1415
1595
1627
1737
1573
1764
1593
1395
1626
1504
1669
1686
1367
1389
1478
1427
1367
1389
1418
1362
1396
1510
1397
1384
1397
1434
1398
1359
1365
1404
1530
1369
1384
1374
1390
1365
1377
1381
1346
1358
1349
1357
1385
1443
1424
1493
1343
1337
1351
1213
1321
1216
1350
1385
1440
1251
1469
1299
1354
1372
1217
1224
1403
1386
1427
1404
1367
1352
1352
1386
1373
1217
1396
1407
1374
1355
1359
1386
1419
1382
1394
1385
1384
1493
1367
1382
1350
1241
1381
1392
1411
1331
1385
1713
1474
1348
1406
1658
1378
1352
1218
1355
1458
1383
1407
1378
1473
1251
1480
1394
1384
1353
1752
1644
1504
1368
1353
1352
1386
1380
1353
1408
1416
1391
1390
1414
1333
1397
1398
1466
1402
1417
1495
1415
1398
1370
1474
1457
1393
1460
1438
1550
1624
1889
1627
1639
1837
1984
1607
1722
1610
1955
1870
1950
1864
1943
1789
1679
1881
1910
1607
2273
1986
1954
1955
1640
1864
2037
2024
1912
1823
1566
1992
1579
1835
1493
1830
1922
1829
1593
2127
1822
1936
2082
1863
1796
1641
1669
1671
1960
1719
1869
1858
1940
1827
1827
1710
2155
2302
1551
1810
1781
1851
1820
1765
1771
1839
1591
1676
1782
1690
1802
1917
1631
2058
1835
1787
1781
1784
1817
1772
1736
2019
1564
1663
1532
1871
1796
1831
1843
2455
1523
1784
1515
1702
1612
2489
804
1748
1788
1745
1780
2362
2452
1861
1824
1569
1912
1574
1748
1880
1811
1858
1861
1830
1823
1592
1569
1597
1569
1595
1526
1451
1401
1647
1355
1696
1637
1640
1566
1624
1848
1911
1873
1959
1885
1837
1914
1966
1839
1823
1887
2083
1831
1869
1862
1833
1867
1799
1771
1788
1835
1853
2265
1922
1808
1599
2011
1584
1597
1924
1654
1617
1564
1712
1533
1437
1412
1383
1652
1589
1393
1410
1365
1444
1373
1597
1552
1552
1552
1595
1395
1481
1484
1432
1385
1464
1380
1378
1398
1478
1532
1608
1624
1612
2034
1430
1487
1421
1481
1428
1479
1406
1384
1438
1473
1435
1420
1422
1378
1443
1353
1392
1384
1532
1410
1406
1401
1391
1404
1259
1406
1369
1364
1249
1408
1394
1380
1245
1373
1405
1258
1448
1250
1287
1381
1451
1689
1355
1393
1467
1248
1438
1427
1421
1367
1434
1452
1394
1455
1407
1525
1402
1462
1417
1404
1386
1383
1388
1433
1502
1416
1524
1423
1442
1380
1424
1422
1415
1422
1420
1393
1456
1429
1441
1422
1402
1592
1295
1421
1439
1402
1411
1791
1394
1436
1645
1482
1575
1564
1597
1254
1335
1212
1242
1476
1404
1390
1381
1389
1404
1418
1395
1239
1532
1355
1327
1359
1236
1209
1509
1353
1424
1313
1321
1410
1288
1336
1432
1331
1379
1366
1251
1392
1310
1527
1249
1342
1400
1216
1342
1346
1369
1358
1417
1233
1459
1377
1481
1320
2052
1453
1415
1778
1457
1366
1576
1448
1367
1376
1548
1568
1580
1630
1918
1969
1719
1895
2233
1819
1860
1788
2039
1817
1818
1827
1843
1546
1779
1785
1785
1894
1854
1814
2096
1833
1650
1689
1745
1644
1698
1880
1888
1853
1858
1914
1939
1771
1846
1704
1870
1721
1577
1871
1918
1811
1845
1899
1819
1839
1834
1895
1678
1766
1806
1926
1882
1813
1799
1808
1993
1584
1587
1723
1651
1591
1541
1858
1827
1843
1570
1906
1995
1828
1826
1810
1558
1541
1584
1587
1737
1754
1807
1893
1890
1533
1578
1549
1594
1580
2157
1553
1526
1394
1586
1669
1562
1740
1532
1570
1605
1746
1382
1532
1493
1441
1618
1609
1607
1537
1596
1536
1883
1859
1886
1113
1833
1895
1826
1905
2020
1806
1574
1606
1580
1586
1585
1623
1558
1522
1532
1390
1440
1394
1387
1618
1582
1535
1602
1538
1924
1559
1374
1437
1586
1653
1394
1584
1569
1573
1793
1556
1388
1478
1421
1423
1584
1444
1405
1446
1443
1399
1421
1567
1586
1651
1561
1425
1515
1474
1351
1575
1422
1357
1355
1384
1419
1475
1416
1436
1443
1375
1416
1428
1423
1404
1443
1374
1442
1365
1431
1363
1396
1393
1394
1444
1393
1397
1384
1361
1590
1383
1397
1375
1383
1395
1358
1396
1403
1395
1529
1400
1397
1387
1392
1680
1588
1411
1397
1424
1516
1564
1503
1530
1477
1396
1357
1348
1612
1412
1560
1417
1347
1348
1340
1352
1386
1355
1384
1355
1347
1424
1355
1354
1352
1634
1422
1370
1347
1379
1419
1379
1351
1384
1370
1337
1245
1246
1371
1344
1309
1377
1351
1326
1336
1505
1393
1336
1398
1382
1323
1355
1295
1348
1357
1330
1441
1232
1399
1369
1369
1413
1373
1211
1206
1355
1511
1391
1379
1583
1353
1340
1344
1346
1370
1954
1603
1377
1414
1377
1297
1341
1361
1209
1381
1389
1402
1388
1390
1381
1335
1347
1383
1376
1379
1422
1419
1347
1442
1407
1336
1345
1405
1634
1583
1573
1441
1578
1593
1554
1530
1556
1901
2150
1899
2015
1911
1929
1872
1833
1827
1783
1667
1647
1667
1861
1514
2269
2036
1808
1872
1878
1675
1726
1729
1832
1776
1880
1642
1605
1589
1608
1939
1895
1872
1946
1897
1771
1736
1733
1715
1656
1871
1874
1845
1854
1829
1647
1627
1671
1746
1701
1821
1592
1787
1781
1529
1846
1860
1883
1843
1839
1736
1604
1662
2077
1573
1626
1528
1840
1874
1823
1725
1788
1709
1573
1616
1778
1528
1717
1838
1669
1645
1673
1608
1633
1621
1535
1605
1549
1519
1609
1352
1482
1560
1566
1557
1474
1464
1552
1383
1573
1397
1682
1539
1368
1581
1371
1506
1393
1610
1603
1584
1401
1537
1977
1602
1645
1660
1585
1630
1642
