6192
4101
3122
4112
2428
2415
3821
4829
1726
4830
2329
2492
2484
4548
2409
8302
2261
6713
3187
5346
4118
5619
4336
7859
1833
5180
2063
1581
4563
2496
3280
4106
6011
1950
2149
1594
1451
4274
1705
2442
2950
5846
2759
5060
4384
1624
2158
8348
2281
6892
2661
2050
2034
6034
3211
8346
3686
1875
2916
1756
1693
3898
3385
3830
2195
6065
2374
1768
6775
3438
2207
1712
5713
5101
2975
2042
2042
5244
2884
7562
2890
7122
3732
1760
4859
5053
2239
1884
6691
2402
2088
3437
2052
6793
4215
9504
2029
6844
2625
3166
5338
2249
2639
2883
6890
2016
2525
1580
1743
1580
4340
2884
8381
4503
2417
4881
1547
1711
3232
2534
6694
2624
2250
1555
1808
4720
2894
2406
8638
2872
2772
2184
1572
1722
1661
2718
2381
4996
2815
4792
2057
2571
5363
1646
8424
2270
4010
2809
2366
2256
6787
2094
6807
1985
2902
4837
1754
3201
3818
9734
1886
6713
2900
3896
1943
2064
4785
1892
2517
4195
2805
6307
4524
2915
1812
2999
6403
2314
6759
1573
2435
1695
6940
1695
2249
5941
2265
4674
2284
6224
2577
7634
1649
6552
5402
1654
2518
4844
2956
8672
1614
6433
5536
1601
1584
2878
2426
1957
1752
6286
2769
2080
1984
3847
4401
1570
7946
2327
5773
1621
1729
4321
1892
1697
2798
4049
5201
2358
4131
3044
2416
2114
2870
4744
7087
1872
1737
4953
2906
3011
7294
8886
3078
2134
3830
1570
2710
2082
8184
2099
6334
1761
6081
1570
5534
1624
3061
4698
2762
2757
2077
5403
3392
9404
2055
4632
3193
2135
2108
6127
3356
10293
2177
1742
2562
1730
5259
1595
2445
3557
8169
2752
4133
2086
2127
5454
8762
1804
2513
5791
2215
1802
2614
4972
2901
5770
1629
5248
5105
1559
1626
1643
5580
2081
7906
2240
2881
4895
2137
4504
6035
1757
4891
2194
3513
1759
5696
2152
4038
2316
8028
2495
2480
1968
1607
4037
2948
2508
6914
1593
5151
1579
5738
6014
4947
2259
8442
3005
3226
2194
2056
2043
5979
1605
8569
2830
2712
4915
1889
2193
4125
2135
8962
3669
4857
4609
2336
2478
3809
3228
2493
4741
2670
2200
4923
1697
5600
1747
1562
4945
3218
2124
1577
1605
4448
2332
9003
2227
4343
2811
5401
1681
4034
3256
3854
1887
5042
1746
4449
1750
2477
5424
1618
5116
3223
2237
1619
2044
4231
2126
3346
7276
3799
1754
1717
1738
2051
8048
2071
6798
2971
2203
2049
6298
5368
9527
2586
6754
2366
2859
4479
3791
6106
2110
8634
6415
2854
2085
2035
2074
2463
6821
1864
4860
3459
2293
2678
5320
2095
5803
1561
4855
3004
2517
3425
1758
1630
8940
2083
6840
3022
3988
3168
2735
4394
2093
4540
4774
3343
5047
1862
4980
2111
1705
7077
3696
3450
4825
1844
4283
2929
6568
2364
4355
3159
2311
2247
5147
6002
2175
2001
5866
3048
2398
4107
3162
3340
4386
7617
1929
5081
3057
2432
4543
2492
2112
2422
4929
2966
2160
3821
1902
5118
2581
2134
6079
5105
2067
1806
4104
2195
8102
1590
5914
3055
3961
1855
3479
1620
4753
1994
5594
2782
4286
1677
4872
1917
1934
8444
2130
5787
2428
2077
4503
2143
2490
8720
2215
4208
2040
1599
5177
3588
5809
1632
5214
5097
3379
5172
2924
2962
4451
1663
6723
3118
2209
1629
4357
1876
1917
8492
2136
6275
2156
2158
1708
2179
1574
2486
6044
3431
2003
1803
4942
3121
5768
1613
3179
2588
1940
5954
1661
2383
3152
7760
2193
2906
5064
2502
6179
3778
4509
2509
5796
3119
2087
4728
3626
5964
2097
1938
5381
3061
1628
1554
1969
4679
2180
8858
2067
5623
1974
1588
1860
5774
1877
9029
2133
6422
1950
3288
3159
4439
2455
8432
5845
5665
2713
2276
4776
4728
4566
2106
5612
3112
1876
6165
3012
4106
3350
7726
1931
5104
1910
2749
3957
1590
4885
2047
7242
3129
7263
1614
1726
1792
7174
1884
5806
3471
2469
2081
6014
2652
6357
1851
6263
3042
2507
4374
2627
6931
3158
8605
2170
5098
1613
4789
1577
1610
4231
1739
5394
3161
1862
1599
1595
2678
4686
2081
5651
2493
1748
4890
1899
4960
2290
7756
1620
4886
1765
6031
2084
